2025-05-25 00:43:36 - Përdoruesi Albena shtoi Buddy në wishlist
2025-05-25 00:43:37 - Përdoruesi Albena shtoi Tom në wishlist
2025-05-25 00:44:14 - Përdoruesi Albena fshiu Buddy nga wishlist
2025-05-25 00:44:15 - Përdoruesi Albena fshiu Tom nga wishlist
2025-05-25 00:54:24 - Përdoruesi Adoptues shtoi Buddy në wishlist
2025-05-25 00:54:26 - Përdoruesi Adoptues fshiu Buddy nga wishlist
2025-05-25 00:54:29 - Përdoruesi Adoptues shtoi Houdini në wishlist
2025-05-25 00:54:31 - Përdoruesi Adoptues fshiu Houdini nga wishlist
2025-05-25 00:59:02 - Përdoruesi Adoptues shtoi Buddy në wishlist
2025-05-25 00:59:13 - Përdoruesi Adoptues fshiu Buddy nga wishlist
2025-05-25 00:59:34 - Përdoruesi Adoptues shtoi Houdini në wishlist
2025-05-25 00:59:36 - Përdoruesi Adoptues fshiu Houdini nga wishlist
2025-05-25 01:03:05 - Përdoruesi Adoptues fshiu Lulu nga wishlist
2025-05-25 01:03:10 - Përdoruesi Adoptues shtoi Buddy në wishlist
2025-05-25 01:03:22 - Përdoruesi Adoptues fshiu Buddy nga wishlist
2025-05-25 01:03:24 - Përdoruesi Adoptues fshiu Clumsy nga wishlist
2025-05-25 01:07:44 - Përdoruesi Adoptues fshiu Bella nga wishlist
2025-05-25 01:07:47 - Përdoruesi Adoptues shtoi Buddy në wishlist
2025-05-25 01:07:50 - Përdoruesi Adoptues fshiu Buddy nga wishlist
2025-05-25 01:10:07 - Përdoruesi Adoptues fshiu Clumsy nga wishlist
2025-05-25 01:10:09 - Përdoruesi Adoptues shtoi Buddy në wishlist
2025-05-25 01:10:10 - Përdoruesi Adoptues shtoi Houdini në wishlist
2025-05-25 01:10:15 - Përdoruesi Adoptues fshiu Buddy nga wishlist
2025-05-25 01:10:16 - Përdoruesi Adoptues fshiu Houdini nga wishlist
2025-05-25 01:10:19 - Përdoruesi Adoptues shtoi Buddy në wishlist
2025-05-25 01:10:19 - Përdoruesi Adoptues shtoi Houdini në wishlist
