2025-05-24 23:43:56 - Përdoruesi Albena shtoi Apollo në wishlist
2025-05-24 23:45:17 - Përdoruesi Albena shtoi Champ në wishlist
2025-05-24 23:55:06 - Përdoruesi Albena shtoi Rocco në wishlist
2025-05-24 23:55:09 - Përdoruesi Albena shtoi Ginger në wishlist
2025-05-24 23:55:12 - Përdoruesi Albena shtoi Lulu në wishlist
2025-05-24 23:55:14 - Përdoruesi Albena shtoi Luna në wishlist
2025-05-24 23:55:40 - Përdoruesi Albena shtoi Milo në wishlist
2025-05-24 23:56:33 - Përdoruesi Albena fshiu Apollo nga wishlist
2025-05-24 23:56:34 - Përdoruesi Albena fshiu Buddy nga wishlist
2025-05-24 23:56:35 - Përdoruesi Albena fshiu Champ nga wishlist
2025-05-24 23:56:36 - Përdoruesi Albena fshiu Ginger nga wishlist
2025-05-24 23:56:38 - Përdoruesi Albena fshiu Lulu nga wishlist
2025-05-24 23:56:39 - Përdoruesi Albena fshiu Luna nga wishlist
2025-05-24 23:56:40 - Përdoruesi Albena fshiu Milo nga wishlist
2025-05-24 23:56:42 - Përdoruesi Albena fshiu Rocco nga wishlist
2025-05-25 00:02:11 - Përdoruesi Albena shtoi Ginger në wishlist
2025-05-25 00:02:14 - Përdoruesi Albena shtoi Apollo në wishlist
2025-05-25 00:02:19 - Përdoruesi Albena shtoi Buddy në wishlist
2025-05-25 00:03:05 - Përdoruesi Albena shtoi Champ në wishlist
2025-05-25 00:27:06 - Përdoruesi Albena fshiu Buddy nga wishlist
2025-05-25 00:27:07 - Përdoruesi Albena fshiu Champ nga wishlist
2025-05-25 00:27:09 - Përdoruesi Albena fshiu Ginger nga wishlist
